<?xml version='1.0' encoding='UTF-8'?>
<scenario name="test-net.xml">
  <networks>
    <network id="8" name="hub0" icon="" canvas="1" type="HUB">
      <position x="307" y="283" lat="47.5765916926873" lon="-122.12818464605496" alt="2.0"/>
    </network>
    <network id="9" name="hub1" icon="" canvas="1" type="HUB">
      <position x="663" y="283" lat="47.5765916926873" lon="-122.12338122006466" alt="2.0"/>
    </network>
  </networks>
  <devices>
    <device id="1" name="pc1" icon="" canvas="1" type="PC" class="" image="">
      <position x="118" y="283" lat="47.5765916926873" lon="-122.13073063134132" alt="2.0"/>
      <configservices>
        <service name="DefaultRoute"/>
      </configservices>
    </device>
    <device id="2" name="pc2" icon="" canvas="1" type="PC" class="" image="">
      <position x="307" y="118" lat="47.578091649138244" lon="-122.12818464605496" alt="2.0"/>
      <configservices>
        <service name="DefaultRoute"/>
      </configservices>
    </device>
    <device id="3" name="pc3" icon="" canvas="1" type="PC" class="" image="">
      <position x="307" y="448" lat="47.575091693197514" lon="-122.12818464605496" alt="2.0"/>
      <configservices>
        <service name="DefaultRoute"/>
      </configservices>
    </device>
    <device id="4" name="pc4" icon="" canvas="1" type="PC" class="" image="">
      <position x="663" y="118" lat="47.578091649138244" lon="-122.12338122006466" alt="2.0"/>
      <configservices>
        <service name="DefaultRoute"/>
      </configservices>
    </device>
    <device id="5" name="pc5" icon="" canvas="1" type="PC" class="" image="">
      <position x="852" y="283" lat="47.5765916926873" lon="-122.1208352347783" alt="2.0"/>
      <configservices>
        <service name="DefaultRoute"/>
      </configservices>
    </device>
    <device id="6" name="pc6" icon="" canvas="1" type="PC" class="" image="">
      <position x="663" y="448" lat="47.575091693197514" lon="-122.12338122006466" alt="2.0"/>
      <configservices>
        <service name="DefaultRoute"/>
      </configservices>
    </device>
    <device id="7" name="rt" icon="" canvas="1" type="router" class="" image="">
      <position x="486" y="283" lat="47.5765916926873" lon="-122.12577444638188" alt="2.0"/>
      <configservices>
        <service name="OSPFv3"/>
        <service name="IPForward"/>
        <service name="zebra"/>
        <service name="OSPFv2"/>
      </configservices>
    </device>
  </devices>
  <links>
    <link node1="1" node2="8">
      <iface1 id="0" name="eth0" ip4="10.0.0.20" ip4_mask="24" ip6="2001::14" ip6_mask="64"/>
      <iface2 id="0" name="veth7.0.1"/>
      <options delay="0" bandwidth="0" loss="0.0" dup="0" jitter="0" unidirectional="0" buffer="0"/>
    </link>
    <link node1="2" node2="8">
      <iface1 id="0" name="eth0" ip4="10.0.0.21" ip4_mask="24" ip6="2001::15" ip6_mask="64"/>
      <iface2 id="1" name="veth7.1.1"/>
      <options delay="0" bandwidth="0" loss="0.0" dup="0" jitter="0" unidirectional="0" buffer="0"/>
    </link>
    <link node1="3" node2="8">
      <iface1 id="0" name="eth0" ip4="10.0.0.22" ip4_mask="24" ip6="2001::16" ip6_mask="64"/>
      <iface2 id="2" name="veth7.2.1"/>
      <options delay="0" bandwidth="0" loss="0.0" dup="0" jitter="0" unidirectional="0" buffer="0"/>
    </link>
    <link node1="7" node2="8">
      <iface1 id="0" name="eth0" ip4="10.0.0.1" ip4_mask="24" ip6="2001::1" ip6_mask="64"/>
      <iface2 id="3" name="veth7.3.1"/>
      <options delay="0" bandwidth="0" loss="0.0" dup="0" jitter="0" unidirectional="0" buffer="0"/>
    </link>
    <link node1="4" node2="9">
      <iface1 id="0" name="eth0" ip4="10.0.1.20" ip4_mask="24" ip6="2001:0:0:1::14" ip6_mask="64"/>
      <iface2 id="0" name="veth8.0.1"/>
      <options delay="0" bandwidth="0" loss="0.0" dup="0" jitter="0" unidirectional="0" buffer="0"/>
    </link>
    <link node1="5" node2="9">
      <iface1 id="0" name="eth0" ip4="10.0.1.21" ip4_mask="24" ip6="2001:0:0:1::15" ip6_mask="64"/>
      <iface2 id="1" name="veth8.1.1"/>
      <options delay="0" bandwidth="0" loss="0.0" dup="0" jitter="0" unidirectional="0" buffer="0"/>
    </link>
    <link node1="6" node2="9">
      <iface1 id="0" name="eth0" ip4="10.0.1.22" ip4_mask="24" ip6="2001:0:0:1::16" ip6_mask="64"/>
      <iface2 id="2" name="veth8.2.1"/>
      <options delay="0" bandwidth="0" loss="0.0" dup="0" jitter="0" unidirectional="0" buffer="0"/>
    </link>
    <link node1="7" node2="9">
      <iface1 id="1" name="eth1" ip4="10.0.1.1" ip4_mask="24" ip6="2001:0:0:1::1" ip6_mask="64"/>
      <iface2 id="3" name="veth8.3.1"/>
      <options delay="0" bandwidth="0" loss="0.0" dup="0" jitter="0" unidirectional="0" buffer="0"/>
    </link>
  </links>
  <configservice_configurations>
    <service name="DefaultRoute" node="1"/>
    <service name="DefaultRoute" node="2"/>
    <service name="DefaultRoute" node="3"/>
    <service name="DefaultRoute" node="4"/>
    <service name="DefaultRoute" node="5"/>
    <service name="DefaultRoute" node="6"/>
    <service name="OSPFv3" node="7"/>
    <service name="IPForward" node="7"/>
    <service name="zebra" node="7"/>
    <service name="OSPFv2" node="7"/>
  </configservice_configurations>
  <session_origin lat="47.579166412353516" lon="-122.13232421875" alt="2.0" scale="150.0"/>
  <session_options>
    <configuration name="controlnet" value=""/>
    <configuration name="controlnet0" value=""/>
    <configuration name="controlnet1" value=""/>
    <configuration name="controlnet2" value=""/>
    <configuration name="controlnet3" value=""/>
    <configuration name="controlnet_updown_script" value=""/>
    <configuration name="enablerj45" value="1"/>
    <configuration name="preservedir" value="0"/>
    <configuration name="enablesdt" value="0"/>
    <configuration name="sdturl" value="tcp://127.0.0.1:50000/"/>
    <configuration name="ovs" value="0"/>
    <configuration name="platform_id_start" value="1"/>
    <configuration name="nem_id_start" value="1"/>
    <configuration name="link_enabled" value="1"/>
    <configuration name="loss_threshold" value="30"/>
    <configuration name="link_interval" value="1"/>
    <configuration name="link_timeout" value="4"/>
    <configuration name="mtu" value="0"/>
  </session_options>
  <session_metadata>
    <configuration name="shapes" value="[]"/>
    <configuration name="edges" value="[]"/>
    <configuration name="hidden" value="[]"/>
    <configuration name="canvas" value="{&quot;gridlines&quot;: true, &quot;canvases&quot;: [{&quot;id&quot;: 1, &quot;wallpaper&quot;: null, &quot;wallpaper_style&quot;: 1, &quot;fit_image&quot;: false, &quot;dimensions&quot;: [1000, 750]}]}"/>
  </session_metadata>
  <default_services>
    <node type="mdr">
      <service name="zebra"/>
      <service name="OSPFv3MDR"/>
      <service name="IPForward"/>
    </node>
    <node type="PC">
      <service name="DefaultRoute"/>
    </node>
    <node type="prouter"/>
    <node type="router">
      <service name="zebra"/>
      <service name="OSPFv2"/>
      <service name="OSPFv3"/>
      <service name="IPForward"/>
    </node>
  </default_services>
</scenario>
